<?xml version="1.0" encoding="UTF-8"?>
<!-- Generated by org.testng.reporters.JUnitXMLReporter -->
<testsuite hostname="Sairam" ignored="0" name="Test1" tests="3" failures="0" timestamp="2020-04-29T18:13:34 IST" time="0.149" errors="0">
  <testcase name="test2" time="0.022" classname="demo.TestNGDependencyDemo"/>
  <testcase name="test3" time="0.004" classname="demo.TestNGDependencyDemo"/>
  <testcase name="test1" time="0.003" classname="demo.TestNGDependencyDemo"/>
</testsuite> <!-- Test1 -->
