<?xml version="1.0" encoding="UTF-8"?>
<testng-results skipped="0" failed="0" ignored="0" total="1" passed="1">
  <reporter-output>
  </reporter-output>
  <suite name="Default suite" duration-ms="20278" started-at="2020-04-30T13:55:08 IST" finished-at="2020-04-30T13:55:28 IST">
    <groups>
    </groups>
    <test name="Default test" duration-ms="20278" started-at="2020-04-30T13:55:08 IST" finished-at="2020-04-30T13:55:28 IST">
      <class name="demo.Test1">
        <test-method status="PASS" signature="setUp()[pri:0, instance:demo.Test1@2781e022]" name="setUp" is-config="true" duration-ms="6636" started-at="2020-04-30T13:55:08 IST" finished-at="2020-04-30T13:55:15 IST">
          <reporter-output>
          </reporter-output>
        </test-method> <!-- setUp -->
        <test-method status="PASS" signature="test1()[pri:0, instance:demo.Test1@2781e022]" name="test1" duration-ms="12704" started-at="2020-04-30T13:55:15 IST" finished-at="2020-04-30T13:55:27 IST">
          <reporter-output>
          </reporter-output>
        </test-method> <!-- test1 -->
        <test-method status="PASS" signature="tearDown()[pri:0, instance:demo.Test1@2781e022]" name="tearDown" is-config="true" duration-ms="846" started-at="2020-04-30T13:55:27 IST" finished-at="2020-04-30T13:55:28 IST">
          <reporter-output>
          </reporter-output>
        </test-method> <!-- tearDown -->
      </class> <!-- demo.Test1 -->
    </test> <!-- Default test -->
  </suite> <!-- Default suite -->
</testng-results>
